Using pre-set license
Built from '2020.3/release' branch; Version is '2020.3.12f1 (b3b2c6512326) revision 11776710'; Using compiler version '192528614'; Build Type 'Release'
OS: 'Windows 10 Pro; OS build 19043.1288; Version 2009; 64bit' Language: 'ja' Physical Memory: 4013 MB
BatchMode: 1, IsHumanControllingUs: 0, StartBugReporterOnCrash: 0, Is64bit: 1, IsPro: 0

 COMMAND LINE ARGUMENTS:
C:\Program Files\Unity\Hub\Editor\2020.3.12f1\Editor\Unity.exe
-adb2
-batchMode
-noUpm
-name
AssetImportWorker10
-projectPath
C:/Users/Owner/ARShootingTowerDefense
-logFile
Logs/AssetImportWorker10.log
-srvPort
49798
Successfully changed project path to: C:/Users/Owner/ARShootingTowerDefense
C:/Users/Owner/ARShootingTowerDefense
Using Asset Import Pipeline V2.
Refreshing native plugins compatible for Editor in 419.93 ms, found 9 plugins.
Preloading 1 native plugins for Editor in 6.62 ms.
Initialize engine version: 2020.3.12f1 (b3b2c6512326)
[Subsystems] Discovering subsystems at path C:/Program Files/Unity/Hub/Editor/2020.3.12f1/Editor/Data/Resources/UnitySubsystems
[Subsystems] Discovering subsystems at path C:/Users/Owner/ARShootingTowerDefense/Assets
GfxDevice: creating device client; threaded=0
Direct3D:
    Version:  Direct3D 11.0 [level 11.1]
    Renderer: Intel(R) HD Graphics 615 (ID=0x591e)
    Vendor:   
    VRAM:     2006 MB
    Driver:   27.20.100.8682
Shader 'WFX/Transparent Specular': fallback shader 'Particles/Alpha Blended' not found
Shader 'WFX/Transparent Diffuse': fallback shader 'Particles/Alpha Blended' not found
Initialize mono
Mono path[0] = 'C:/Program Files/Unity/Hub/Editor/2020.3.12f1/Editor/Data/Managed'
Mono path[1] = 'C:/Program Files/Unity/Hub/Editor/2020.3.12f1/Editor/Data/MonoBleedingEdge/lib/mono/unityjit'
Mono config path = 'C:/Program Files/Unity/Hub/Editor/2020.3.12f1/Editor/Data/MonoBleedingEdge/etc'
Using monoOptions --debugger-agent=transport=dt_socket,embedding=1,server=y,suspend=n,address=127.0.0.1:56424
Begin MonoManager ReloadAssembly
Registering precompiled unity dll's ...
Register platform support module: C:/Program Files/Unity/Hub/Editor/2020.3.12f1/Editor/Data/PlaybackEngines/WindowsStandaloneSupport/UnityEditor.WindowsStandalone.Extensions.dll
Registered in 0.006743 seconds.
Native extension for WindowsStandalone target not found
Refreshing native plugins compatible for Editor in 238.24 ms, found 9 plugins.
Preloading 1 native plugins for Editor in 0.27 ms.
Mono: successfully reloaded assembly
- Completed reload, in  6.788 seconds
Platform modules already initialized, skipping
Registering precompiled user dll's ...
Registered in 0.039447 seconds.
Begin MonoManager ReloadAssembly
Native extension for WindowsStandalone target not found
Refreshing native plugins compatible for Editor in 243.17 ms, found 9 plugins.
Preloading 1 native plugins for Editor in 0.35 ms.
Mono: successfully reloaded assembly
- Completed reload, in 11.300 seconds
Platform modules already initialized, skipping
========================================================================
Worker process is ready to serve import requests
Shader 'WFX/Transparent Diffuse': fallback shader 'Particles/Alpha Blended' not found
Shader 'WFX/Transparent Specular': fallback shader 'Particles/Alpha Blended' not found
Launched and connected shader compiler UnityShaderCompiler.exe after 0.27 seconds
Refreshing native plugins compatible for Editor in 2.97 ms, found 9 plugins.
Preloading 1 native plugins for Editor in 0.27 ms.
Unloading 2330 Unused Serialized files (Serialized files now loaded: 0)
System memory in use before: 189.7 MB.
System memory in use after: 189.8 MB.

Unloading 24 unused Assets to reduce memory usage. Loaded Objects now: 2789.
Total: 21.074600 ms (FindLiveObjects: 0.719200 ms CreateObjectMapping: 0.302800 ms MarkObjects: 17.719100 ms  DeleteObjects: 2.329800 ms)

AssetImportParameters requested are different than current active one (requested -> active):
  custom:framework-win-MediaFoundation: 216162199b28c13a410421893ffa2e32 -> 
  custom:video-decoder-ogg-theora: a1e56fd34408186e4bbccfd4996cb3dc -> 
  custom:container-muxer-webm: aa71ff27fc2769a1b78a27578f13a17b -> 
  custom:container-demuxer-webm: 4f35f7cbe854078d1ac9338744f61a02 -> 
  custom:container-demuxer-ogg: 62fdf1f143b41e24485cea50d1cbac27 -> 
  custom:video-encoder-webm-vp8: eb34c28f22e8b96e1ab97ce403110664 -> 
  custom:video-codec-MediaFoundation-h265: 746d11721c4dcdbdad8f713fa42b33f4 -> 
  custom:video-decoder-webm-vp8: 9c59270c3fd7afecdb556c50c9e8de78 -> 
  custom:audio-decoder-ogg-vorbis: bf7c407c2cedff20999df2af8eb42d56 -> 
  custom:audio-encoder-webm-vorbis: bf7c407c2cedff20999df2af8eb42d56 -> 
========================================================================
Received Import Request.
  path: Assets/Scripts/Teleportation.cs
  artifactKey: Guid(6aaa491b5d3095e48bf871abf85495c9) Importer(815301076,1909f56bfc062723c751e8b465ee728b)
Start importing Assets/Scripts/Teleportation.cs using Guid(6aaa491b5d3095e48bf871abf85495c9) Importer(815301076,1909f56bfc062723c751e8b465ee728b)  -> (artifact id: '7c3d5cd9316149fab3cc3130a0731986') in 0.116550 seconds 
  Import took 0.133777 seconds .

========================================================================
Received Prepare
Shader 'WFX/Transparent Diffuse': fallback shader 'Particles/Alpha Blended' not found
Shader 'WFX/Transparent Specular': fallback shader 'Particles/Alpha Blended' not found
Refreshing native plugins compatible for Editor in 66.47 ms, found 9 plugins.
Preloading 1 native plugins for Editor in 3.76 ms.
Unloading 16 Unused Serialized files (Serialized files now loaded: 0)
System memory in use before: 138.4 MB.
System memory in use after: 138.6 MB.

Unloading 16 unused Assets to reduce memory usage. Loaded Objects now: 2789.
Total: 450.560500 ms (FindLiveObjects: 5.841400 ms CreateObjectMapping: 0.506600 ms MarkObjects: 439.937200 ms  DeleteObjects: 3.850900 ms)

AssetImportParameters requested are different than current active one (requested -> active):
  custom:framework-win-MediaFoundation: 216162199b28c13a410421893ffa2e32 -> 
  custom:video-decoder-ogg-theora: a1e56fd34408186e4bbccfd4996cb3dc -> 
  custom:container-muxer-webm: aa71ff27fc2769a1b78a27578f13a17b -> 
  custom:container-demuxer-webm: 4f35f7cbe854078d1ac9338744f61a02 -> 
  custom:container-demuxer-ogg: 62fdf1f143b41e24485cea50d1cbac27 -> 
  custom:video-encoder-webm-vp8: eb34c28f22e8b96e1ab97ce403110664 -> 
  custom:video-codec-MediaFoundation-h265: 746d11721c4dcdbdad8f713fa42b33f4 -> 
  custom:video-decoder-webm-vp8: 9c59270c3fd7afecdb556c50c9e8de78 -> 
  custom:audio-decoder-ogg-vorbis: bf7c407c2cedff20999df2af8eb42d56 -> 
  custom:audio-encoder-webm-vorbis: bf7c407c2cedff20999df2af8eb42d56 -> 
========================================================================
Received Prepare
Registering precompiled user dll's ...
Registered in 0.062141 seconds.
Begin MonoManager ReloadAssembly
Native extension for WindowsStandalone target not found
Refreshing native plugins compatible for Editor in 3.50 ms, found 9 plugins.
Preloading 1 native plugins for Editor in 0.25 ms.
Mono: successfully reloaded assembly
- Completed reload, in  4.760 seconds
Platform modules already initialized, skipping
Switching build target platform(19) subTarget(0) extendedPlatform(0) -> platform(13) subTarget(589824) extendedPlatform(0)
Shader 'WFX/Transparent Diffuse': fallback shader 'Particles/Alpha Blended' not found
Shader 'WFX/Transparent Specular': fallback shader 'Particles/Alpha Blended' not found
Refreshing native plugins compatible for Editor in 3.31 ms, found 9 plugins.
Preloading 1 native plugins for Editor in 0.34 ms.
Unloading 2238 Unused Serialized files (Serialized files now loaded: 0)
System memory in use before: 181.4 MB.
System memory in use after: 181.5 MB.

Unloading 19 unused Assets to reduce memory usage. Loaded Objects now: 2793.
Total: 20.999000 ms (FindLiveObjects: 2.141500 ms CreateObjectMapping: 1.543100 ms MarkObjects: 16.186600 ms  DeleteObjects: 1.124500 ms)

AssetImportParameters requested are different than current active one (requested -> active):
  custom:framework-win-MediaFoundation: 216162199b28c13a410421893ffa2e32 -> 
  custom:video-decoder-ogg-theora: a1e56fd34408186e4bbccfd4996cb3dc -> 
  custom:container-muxer-webm: aa71ff27fc2769a1b78a27578f13a17b -> 
  custom:container-demuxer-webm: 4f35f7cbe854078d1ac9338744f61a02 -> 
  custom:container-demuxer-ogg: 62fdf1f143b41e24485cea50d1cbac27 -> 
  custom:video-encoder-webm-vp8: eb34c28f22e8b96e1ab97ce403110664 -> 
  custom:video-codec-MediaFoundation-h265: 746d11721c4dcdbdad8f713fa42b33f4 -> 
  custom:video-decoder-webm-vp8: 9c59270c3fd7afecdb556c50c9e8de78 -> 
  custom:graphics/normal-map-encoding: 01000000000000000000000000000000 -> 02000000000000000000000000000000
  custom:audio-decoder-ogg-vorbis: bf7c407c2cedff20999df2af8eb42d56 -> 
  custom:audio-encoder-webm-vorbis: bf7c407c2cedff20999df2af8eb42d56 -> 
========================================================================
Received Import Request.
  Time since last request: 225.063809 seconds.
  path: Assets/Scripts/Teleportation.cs
  artifactKey: Guid(6aaa491b5d3095e48bf871abf85495c9) Importer(815301076,1909f56bfc062723c751e8b465ee728b)
Start importing Assets/Scripts/Teleportation.cs using Guid(6aaa491b5d3095e48bf871abf85495c9) Importer(815301076,1909f56bfc062723c751e8b465ee728b)  -> (artifact id: 'ae734388c45686bf22a510b4e4e7be91') in 0.029140 seconds 
  Import took 0.044990 seconds .

========================================================================
Received Prepare
Registering precompiled user dll's ...
Registered in 0.057459 seconds.
Begin MonoManager ReloadAssembly
Native extension for WindowsStandalone target not found
Refreshing native plugins compatible for Editor in 6.24 ms, found 9 plugins.
Preloading 1 native plugins for Editor in 0.69 ms.
Mono: successfully reloaded assembly
- Completed reload, in  3.243 seconds
Platform modules already initialized, skipping
Switching build target platform(19) subTarget(0) extendedPlatform(0) -> platform(13) subTarget(589824) extendedPlatform(0)
Shader 'WFX/Transparent Diffuse': fallback shader 'Particles/Alpha Blended' not found
Shader 'WFX/Transparent Specular': fallback shader 'Particles/Alpha Blended' not found
Refreshing native plugins compatible for Editor in 7.56 ms, found 9 plugins.
Preloading 1 native plugins for Editor in 0.55 ms.
Unloading 2238 Unused Serialized files (Serialized files now loaded: 0)
System memory in use before: 181.4 MB.
System memory in use after: 181.6 MB.

Unloading 19 unused Assets to reduce memory usage. Loaded Objects now: 2797.
Total: 25.236000 ms (FindLiveObjects: 4.888600 ms CreateObjectMapping: 0.584600 ms MarkObjects: 17.799600 ms  DeleteObjects: 1.939500 ms)

AssetImportParameters requested are different than current active one (requested -> active):
  custom:framework-win-MediaFoundation: 216162199b28c13a410421893ffa2e32 -> 
  custom:video-decoder-ogg-theora: a1e56fd34408186e4bbccfd4996cb3dc -> 
  custom:container-muxer-webm: aa71ff27fc2769a1b78a27578f13a17b -> 
  custom:container-demuxer-webm: 4f35f7cbe854078d1ac9338744f61a02 -> 
  custom:container-demuxer-ogg: 62fdf1f143b41e24485cea50d1cbac27 -> 
  custom:video-encoder-webm-vp8: eb34c28f22e8b96e1ab97ce403110664 -> 
  custom:video-codec-MediaFoundation-h265: 746d11721c4dcdbdad8f713fa42b33f4 -> 
  custom:video-decoder-webm-vp8: 9c59270c3fd7afecdb556c50c9e8de78 -> 
  custom:graphics/normal-map-encoding: 01000000000000000000000000000000 -> 02000000000000000000000000000000
  custom:audio-decoder-ogg-vorbis: bf7c407c2cedff20999df2af8eb42d56 -> 
  custom:audio-encoder-webm-vorbis: bf7c407c2cedff20999df2af8eb42d56 -> 
========================================================================
Received Prepare
Registering precompiled user dll's ...
Registered in 0.057161 seconds.
Begin MonoManager ReloadAssembly
Native extension for WindowsStandalone target not found
Refreshing native plugins compatible for Editor in 2.42 ms, found 9 plugins.
Preloading 1 native plugins for Editor in 0.24 ms.
Mono: successfully reloaded assembly
- Completed reload, in  3.441 seconds
Platform modules already initialized, skipping
Switching build target platform(19) subTarget(0) extendedPlatform(0) -> platform(13) subTarget(589824) extendedPlatform(0)
Shader 'WFX/Transparent Diffuse': fallback shader 'Particles/Alpha Blended' not found
Shader 'WFX/Transparent Specular': fallback shader 'Particles/Alpha Blended' not found
Refreshing native plugins compatible for Editor in 1.91 ms, found 9 plugins.
Preloading 1 native plugins for Editor in 0.26 ms.
Unloading 2238 Unused Serialized files (Serialized files now loaded: 0)
System memory in use before: 181.4 MB.
System memory in use after: 181.6 MB.

Unloading 19 unused Assets to reduce memory usage. Loaded Objects now: 2801.
Total: 7.477800 ms (FindLiveObjects: 0.582300 ms CreateObjectMapping: 0.297600 ms MarkObjects: 6.309700 ms  DeleteObjects: 0.283200 ms)

AssetImportParameters requested are different than current active one (requested -> active):
  custom:framework-win-MediaFoundation: 216162199b28c13a410421893ffa2e32 -> 
  custom:video-decoder-ogg-theora: a1e56fd34408186e4bbccfd4996cb3dc -> 
  custom:container-muxer-webm: aa71ff27fc2769a1b78a27578f13a17b -> 
  custom:container-demuxer-webm: 4f35f7cbe854078d1ac9338744f61a02 -> 
  custom:container-demuxer-ogg: 62fdf1f143b41e24485cea50d1cbac27 -> 
  custom:video-encoder-webm-vp8: eb34c28f22e8b96e1ab97ce403110664 -> 
  custom:video-codec-MediaFoundation-h265: 746d11721c4dcdbdad8f713fa42b33f4 -> 
  custom:video-decoder-webm-vp8: 9c59270c3fd7afecdb556c50c9e8de78 -> 
  custom:graphics/normal-map-encoding: 01000000000000000000000000000000 -> 02000000000000000000000000000000
  custom:audio-decoder-ogg-vorbis: bf7c407c2cedff20999df2af8eb42d56 -> 
  custom:audio-encoder-webm-vorbis: bf7c407c2cedff20999df2af8eb42d56 -> 
========================================================================
Received Import Request.
  Time since last request: 1029.990227 seconds.
  path: Assets/Prefabs/EnemyShadow.prefab
  artifactKey: Guid(41f79f998f503b742985071fe151e376) Importer(815301076,1909f56bfc062723c751e8b465ee728b)
Start importing Assets/Prefabs/EnemyShadow.prefab using Guid(41f79f998f503b742985071fe151e376) Importer(815301076,1909f56bfc062723c751e8b465ee728b)  -> (artifact id: '2e241f2db94ab8dbe866a8be913dc3a6') in 1.728330 seconds 
  Import took 1.758020 seconds .

========================================================================
Received Import Request.
  Time since last request: 17.854404 seconds.
  path: Assets/Prefabs/Boss.prefab
  artifactKey: Guid(dea10c001a74527498f401bdcde146b0) Importer(815301076,1909f56bfc062723c751e8b465ee728b)
Start importing Assets/Prefabs/Boss.prefab using Guid(dea10c001a74527498f401bdcde146b0) Importer(815301076,1909f56bfc062723c751e8b465ee728b)  -> (artifact id: '30503dc4ff8bcc65e7734bd2d717b6ab') in 0.337077 seconds 
  Import took 0.372507 seconds .

========================================================================
Received Import Request.
  Time since last request: 678.395699 seconds.
  path: Assets/Prefabs/Audio
  artifactKey: Guid(cb08a442d608de444a495a0f97e1288f) Importer(815301076,1909f56bfc062723c751e8b465ee728b)
Start importing Assets/Prefabs/Audio using Guid(cb08a442d608de444a495a0f97e1288f) Importer(815301076,1909f56bfc062723c751e8b465ee728b)  -> (artifact id: 'c43a5f956de37e7105a038781e5c139c') in 0.029098 seconds 
  Import took 0.120726 seconds .

========================================================================
Received Import Request.
  Time since last request: 27.831133 seconds.
  path: Assets/Audio/Es-STAGE1_loop.ogg
  artifactKey: Guid(b24ec5e5c4c47e64a84c8aad34fadf7e) Importer(815301076,1909f56bfc062723c751e8b465ee728b)
Start importing Assets/Audio/Es-STAGE1_loop.ogg using Guid(b24ec5e5c4c47e64a84c8aad34fadf7e) Importer(815301076,1909f56bfc062723c751e8b465ee728b)  -> (artifact id: '10cf38e121b43295d3bde5c1c81637b5') in 1.149414 seconds 
  Import took 1.166829 seconds .

========================================================================
Received Prepare
Registering precompiled user dll's ...
Registered in 0.053663 seconds.
Begin MonoManager ReloadAssembly
Native extension for WindowsStandalone target not found
Refreshing native plugins compatible for Editor in 6.56 ms, found 9 plugins.
Preloading 1 native plugins for Editor in 0.34 ms.
Mono: successfully reloaded assembly
- Completed reload, in  5.913 seconds
Platform modules already initialized, skipping
Switching build target platform(19) subTarget(0) extendedPlatform(0) -> platform(13) subTarget(589824) extendedPlatform(0)
Shader 'WFX/Transparent Diffuse': fallback shader 'Particles/Alpha Blended' not found
Shader 'WFX/Transparent Specular': fallback shader 'Particles/Alpha Blended' not found
Refreshing native plugins compatible for Editor in 3.09 ms, found 9 plugins.
Preloading 1 native plugins for Editor in 0.37 ms.
Unloading 2238 Unused Serialized files (Serialized files now loaded: 0)
System memory in use before: 184.7 MB.
System memory in use after: 184.9 MB.

Unloading 19 unused Assets to reduce memory usage. Loaded Objects now: 2819.
Total: 10.375300 ms (FindLiveObjects: 1.223400 ms CreateObjectMapping: 0.382000 ms MarkObjects: 8.571800 ms  DeleteObjects: 0.192400 ms)

AssetImportParameters requested are different than current active one (requested -> active):
  custom:framework-win-MediaFoundation: 216162199b28c13a410421893ffa2e32 -> 
  custom:video-decoder-ogg-theora: a1e56fd34408186e4bbccfd4996cb3dc -> 
  custom:container-muxer-webm: aa71ff27fc2769a1b78a27578f13a17b -> 
  custom:container-demuxer-webm: 4f35f7cbe854078d1ac9338744f61a02 -> 
  custom:container-demuxer-ogg: 62fdf1f143b41e24485cea50d1cbac27 -> 
  custom:video-encoder-webm-vp8: eb34c28f22e8b96e1ab97ce403110664 -> 
  custom:video-codec-MediaFoundation-h265: 746d11721c4dcdbdad8f713fa42b33f4 -> 
  custom:video-decoder-webm-vp8: 9c59270c3fd7afecdb556c50c9e8de78 -> 
  custom:graphics/normal-map-encoding: 01000000000000000000000000000000 -> 02000000000000000000000000000000
  custom:audio-decoder-ogg-vorbis: bf7c407c2cedff20999df2af8eb42d56 -> 
  custom:audio-encoder-webm-vorbis: bf7c407c2cedff20999df2af8eb42d56 -> 
========================================================================
Received Import Request.
  Time since last request: 786.243257 seconds.
  path: Assets/Audio/ロボットを殴る1.mp3
  artifactKey: Guid(04feea0730b34df479feabb337933508) Importer(815301076,1909f56bfc062723c751e8b465ee728b)
Start importing Assets/Audio/ロボットを殴る1.mp3 using Guid(04feea0730b34df479feabb337933508) Importer(815301076,1909f56bfc062723c751e8b465ee728b)  -> (artifact id: 'cb9d0b785eb4e846426f1535a68823b5') in 0.306922 seconds 
  Import took 0.341859 seconds .

========================================================================
Received Import Request.
  Time since last request: 0.000450 seconds.
  path: Assets/Audio/拳銃を撃つ (1).mp3
  artifactKey: Guid(a6de06bbf74468c43a4d4349444efd0a) Importer(815301076,1909f56bfc062723c751e8b465ee728b)
Start importing Assets/Audio/拳銃を撃つ (1).mp3 using Guid(a6de06bbf74468c43a4d4349444efd0a) Importer(815301076,1909f56bfc062723c751e8b465ee728b)  -> (artifact id: 'f796b753873687662386e41e3d3c8162') in 0.111851 seconds 
  Import took 0.125049 seconds .

========================================================================
Received Import Request.
  Time since last request: 0.000815 seconds.
  path: Assets/Audio/爆発3 (1).mp3
  artifactKey: Guid(46e554674535fe042aa163cbb8eb6b95) Importer(815301076,1909f56bfc062723c751e8b465ee728b)
Start importing Assets/Audio/爆発3 (1).mp3 using Guid(46e554674535fe042aa163cbb8eb6b95) Importer(815301076,1909f56bfc062723c751e8b465ee728b)  -> (artifact id: '7f5a3a48f909e9cf709fcfd0b84acf89') in 0.100853 seconds 
  Import took 0.114799 seconds .

========================================================================
Received Import Request.
  Time since last request: 0.000915 seconds.
  path: Assets/Audio/拳銃を撃つ (1).mp3
  artifactKey: Guid(a6de06bbf74468c43a4d4349444efd0a) Importer(815301076,1909f56bfc062723c751e8b465ee728b)
Start importing Assets/Audio/拳銃を撃つ (1).mp3 using Guid(a6de06bbf74468c43a4d4349444efd0a) Importer(815301076,1909f56bfc062723c751e8b465ee728b)  -> (artifact id: 'f796b753873687662386e41e3d3c8162') in 0.039541 seconds 
  Import took 0.068760 seconds .

========================================================================
Received Import Request.
  Time since last request: 0.000979 seconds.
  path: Assets/Audio/敵ユニット出現.mp3
  artifactKey: Guid(e4de22d2c621b8f41bab4d11cc95d3ff) Importer(815301076,1909f56bfc062723c751e8b465ee728b)
Start importing Assets/Audio/敵ユニット出現.mp3 using Guid(e4de22d2c621b8f41bab4d11cc95d3ff) Importer(815301076,1909f56bfc062723c751e8b465ee728b)  -> (artifact id: 'eeac0aeee595866a6bc8d09fc2ff3725') in 0.056059 seconds 
  Import took 0.080039 seconds .

========================================================================
Received Prepare
Registering precompiled user dll's ...
Registered in 0.081704 seconds.
Begin MonoManager ReloadAssembly
Native extension for WindowsStandalone target not found
Refreshing native plugins compatible for Editor in 7.81 ms, found 9 plugins.
Preloading 1 native plugins for Editor in 1.91 ms.
Mono: successfully reloaded assembly
- Completed reload, in  7.034 seconds
Platform modules already initialized, skipping
Switching build target platform(19) subTarget(0) extendedPlatform(0) -> platform(13) subTarget(589824) extendedPlatform(0)
Shader 'WFX/Transparent Diffuse': fallback shader 'Particles/Alpha Blended' not found
Shader 'WFX/Transparent Specular': fallback shader 'Particles/Alpha Blended' not found
Refreshing native plugins compatible for Editor in 61.13 ms, found 9 plugins.
Preloading 1 native plugins for Editor in 13.71 ms.
Unloading 2238 Unused Serialized files (Serialized files now loaded: 0)
System memory in use before: 184.6 MB.
System memory in use after: 184.8 MB.

Unloading 19 unused Assets to reduce memory usage. Loaded Objects now: 2824.
Total: 48.506000 ms (FindLiveObjects: 21.906000 ms CreateObjectMapping: 1.449100 ms MarkObjects: 22.156300 ms  DeleteObjects: 2.914600 ms)

AssetImportParameters requested are different than current active one (requested -> active):
  custom:framework-win-MediaFoundation: 216162199b28c13a410421893ffa2e32 -> 
  custom:video-decoder-ogg-theora: a1e56fd34408186e4bbccfd4996cb3dc -> 
  custom:container-muxer-webm: aa71ff27fc2769a1b78a27578f13a17b -> 
  custom:container-demuxer-webm: 4f35f7cbe854078d1ac9338744f61a02 -> 
  custom:container-demuxer-ogg: 62fdf1f143b41e24485cea50d1cbac27 -> 
  custom:video-encoder-webm-vp8: eb34c28f22e8b96e1ab97ce403110664 -> 
  custom:video-codec-MediaFoundation-h265: 746d11721c4dcdbdad8f713fa42b33f4 -> 
  custom:video-decoder-webm-vp8: 9c59270c3fd7afecdb556c50c9e8de78 -> 
  custom:graphics/normal-map-encoding: 01000000000000000000000000000000 -> 02000000000000000000000000000000
  custom:audio-decoder-ogg-vorbis: bf7c407c2cedff20999df2af8eb42d56 -> 
  custom:audio-encoder-webm-vorbis: bf7c407c2cedff20999df2af8eb42d56 -> 
========================================================================
Received Prepare
Registering precompiled user dll's ...
Registered in 0.177872 seconds.
Begin MonoManager ReloadAssembly
Native extension for WindowsStandalone target not found
Refreshing native plugins compatible for Editor in 2.19 ms, found 9 plugins.
Preloading 1 native plugins for Editor in 0.18 ms.
Mono: successfully reloaded assembly
- Completed reload, in  3.098 seconds
Platform modules already initialized, skipping
Switching build target platform(19) subTarget(0) extendedPlatform(0) -> platform(13) subTarget(589824) extendedPlatform(0)
Shader 'WFX/Transparent Diffuse': fallback shader 'Particles/Alpha Blended' not found
Shader 'WFX/Transparent Specular': fallback shader 'Particles/Alpha Blended' not found
Refreshing native plugins compatible for Editor in 1.67 ms, found 9 plugins.
Preloading 1 native plugins for Editor in 0.18 ms.
Unloading 2238 Unused Serialized files (Serialized files now loaded: 0)
System memory in use before: 184.7 MB.
System memory in use after: 184.9 MB.

Unloading 19 unused Assets to reduce memory usage. Loaded Objects now: 2828.
Total: 4.861800 ms (FindLiveObjects: 0.413900 ms CreateObjectMapping: 0.157200 ms MarkObjects: 4.112100 ms  DeleteObjects: 0.176800 ms)

AssetImportParameters requested are different than current active one (requested -> active):
  custom:framework-win-MediaFoundation: 216162199b28c13a410421893ffa2e32 -> 
  custom:video-decoder-ogg-theora: a1e56fd34408186e4bbccfd4996cb3dc -> 
  custom:container-muxer-webm: aa71ff27fc2769a1b78a27578f13a17b -> 
  custom:container-demuxer-webm: 4f35f7cbe854078d1ac9338744f61a02 -> 
  custom:container-demuxer-ogg: 62fdf1f143b41e24485cea50d1cbac27 -> 
  custom:video-encoder-webm-vp8: eb34c28f22e8b96e1ab97ce403110664 -> 
  custom:video-codec-MediaFoundation-h265: 746d11721c4dcdbdad8f713fa42b33f4 -> 
  custom:video-decoder-webm-vp8: 9c59270c3fd7afecdb556c50c9e8de78 -> 
  custom:graphics/normal-map-encoding: 01000000000000000000000000000000 -> 02000000000000000000000000000000
  custom:audio-decoder-ogg-vorbis: bf7c407c2cedff20999df2af8eb42d56 -> 
  custom:audio-encoder-webm-vorbis: bf7c407c2cedff20999df2af8eb42d56 -> 
========================================================================
Received Prepare
Registering precompiled user dll's ...
Registered in 0.071817 seconds.
Begin MonoManager ReloadAssembly
Native extension for WindowsStandalone target not found
Refreshing native plugins compatible for Editor in 6.45 ms, found 9 plugins.
Preloading 1 native plugins for Editor in 0.68 ms.
Mono: successfully reloaded assembly
- Completed reload, in  3.230 seconds
Platform modules already initialized, skipping
Switching build target platform(19) subTarget(0) extendedPlatform(0) -> platform(13) subTarget(589824) extendedPlatform(0)
Shader 'WFX/Transparent Diffuse': fallback shader 'Particles/Alpha Blended' not found
Shader 'WFX/Transparent Specular': fallback shader 'Particles/Alpha Blended' not found
Refreshing native plugins compatible for Editor in 26.78 ms, found 9 plugins.
Preloading 1 native plugins for Editor in 2.49 ms.
Unloading 2238 Unused Serialized files (Serialized files now loaded: 0)
System memory in use before: 184.7 MB.
System memory in use after: 184.9 MB.

Unloading 19 unused Assets to reduce memory usage. Loaded Objects now: 2832.
Total: 44.592500 ms (FindLiveObjects: 7.034900 ms CreateObjectMapping: 1.608100 ms MarkObjects: 33.474200 ms  DeleteObjects: 2.437400 ms)

AssetImportParameters requested are different than current active one (requested -> active):
  custom:framework-win-MediaFoundation: 216162199b28c13a410421893ffa2e32 -> 
  custom:video-decoder-ogg-theora: a1e56fd34408186e4bbccfd4996cb3dc -> 
  custom:container-muxer-webm: aa71ff27fc2769a1b78a27578f13a17b -> 
  custom:container-demuxer-webm: 4f35f7cbe854078d1ac9338744f61a02 -> 
  custom:container-demuxer-ogg: 62fdf1f143b41e24485cea50d1cbac27 -> 
  custom:video-encoder-webm-vp8: eb34c28f22e8b96e1ab97ce403110664 -> 
  custom:video-codec-MediaFoundation-h265: 746d11721c4dcdbdad8f713fa42b33f4 -> 
  custom:video-decoder-webm-vp8: 9c59270c3fd7afecdb556c50c9e8de78 -> 
  custom:graphics/normal-map-encoding: 01000000000000000000000000000000 -> 02000000000000000000000000000000
  custom:audio-decoder-ogg-vorbis: bf7c407c2cedff20999df2af8eb42d56 -> 
  custom:audio-encoder-webm-vorbis: bf7c407c2cedff20999df2af8eb42d56 -> 
========================================================================
Received Prepare
Registering precompiled user dll's ...
Registered in 0.060933 seconds.
Begin MonoManager ReloadAssembly
Native extension for WindowsStandalone target not found
Refreshing native plugins compatible for Editor in 1.65 ms, found 9 plugins.
Preloading 1 native plugins for Editor in 0.25 ms.
Mono: successfully reloaded assembly
- Completed reload, in  3.267 seconds
Platform modules already initialized, skipping
Switching build target platform(19) subTarget(0) extendedPlatform(0) -> platform(13) subTarget(589824) extendedPlatform(0)
Shader 'WFX/Transparent Diffuse': fallback shader 'Particles/Alpha Blended' not found
Shader 'WFX/Transparent Specular': fallback shader 'Particles/Alpha Blended' not found
Refreshing native plugins compatible for Editor in 2.09 ms, found 9 plugins.
Preloading 1 native plugins for Editor in 0.17 ms.
Unloading 2238 Unused Serialized files (Serialized files now loaded: 0)
System memory in use before: 184.8 MB.
System memory in use after: 184.9 MB.

Unloading 19 unused Assets to reduce memory usage. Loaded Objects now: 2836.
Total: 8.583700 ms (FindLiveObjects: 4.412900 ms CreateObjectMapping: 0.219700 ms MarkObjects: 3.112500 ms  DeleteObjects: 0.825600 ms)

AssetImportParameters requested are different than current active one (requested -> active):
  custom:framework-win-MediaFoundation: 216162199b28c13a410421893ffa2e32 -> 
  custom:video-decoder-ogg-theora: a1e56fd34408186e4bbccfd4996cb3dc -> 
  custom:container-muxer-webm: aa71ff27fc2769a1b78a27578f13a17b -> 
  custom:container-demuxer-webm: 4f35f7cbe854078d1ac9338744f61a02 -> 
  custom:container-demuxer-ogg: 62fdf1f143b41e24485cea50d1cbac27 -> 
  custom:video-encoder-webm-vp8: eb34c28f22e8b96e1ab97ce403110664 -> 
  custom:video-codec-MediaFoundation-h265: 746d11721c4dcdbdad8f713fa42b33f4 -> 
  custom:video-decoder-webm-vp8: 9c59270c3fd7afecdb556c50c9e8de78 -> 
  custom:graphics/normal-map-encoding: 01000000000000000000000000000000 -> 02000000000000000000000000000000
  custom:audio-decoder-ogg-vorbis: bf7c407c2cedff20999df2af8eb42d56 -> 
  custom:audio-encoder-webm-vorbis: bf7c407c2cedff20999df2af8eb42d56 -> 
AssetImportWorkerClient::OnTransportError - code=2 error=End of file
